app/buildBACKUP/intermediates/manifest_merge_blame_file/debug/manifest-merger-blame-debug-report.txt
1<?xml version="1.0" encoding="utf-8"?>
2<manifest xmlns:android="http://schemas.android.com/apk/res/android"
3    package="com.example.a20210207_checkmate2"
4    android:versionCode="1"
5    android:versionName="1.0" >
6
7    <uses-sdk
8        android:minSdkVersion="21"
8-->src\main\AndroidManifest.xml
9        android:targetSdkVersion="29" />
9-->src\main\AndroidManifest.xml
10
11    <uses-permission android:name="android.permission.ACCESS_WIFI_STATE" />
11-->src\main\AndroidManifest.xml:35:5-76
11-->src\main\AndroidManifest.xml:35:22-73
12    <uses-permission android:name="android.permission.ACCESS_NETWORK_STATE" />
12-->src\main\AndroidManifest.xml:36:5-79
12-->src\main\AndroidManifest.xml:36:22-76
13    <uses-permission android:name="android.permission.INTERNET" />
13-->src\main\AndroidManifest.xml:38:5-67
13-->src\main\AndroidManifest.xml:38:22-64
14
15    <application
15-->src\main\AndroidManifest.xml:5:5-34:19
16        android:allowBackup="true"
16-->src\main\AndroidManifest.xml:6:9-35
17        android:appComponentFactory="androidx.core.app.CoreComponentFactory"
17-->[androidx.core:core:1.3.1] AndroidManifest.xml:24:18-86
18        android:debuggable="true"
19        android:icon="@mipmap/checkmate_owl_green"
19-->src\main\AndroidManifest.xml:7:9-51
20        android:label=" Checkmate"
20-->src\main\AndroidManifest.xml:8:9-35
21        android:roundIcon="@mipmap/checkmate_owl_green"
21-->src\main\AndroidManifest.xml:9:9-56
22        android:supportsRtl="true"
22-->src\main\AndroidManifest.xml:10:9-35
23        android:testOnly="true"
24        android:theme="@style/AppTheme_darkBlue" >
24-->src\main\AndroidManifest.xml:11:9-49
25        <receiver android:name="com.example.a20210207_checkmate2.NotificationReceiver" />
25-->src\main\AndroidManifest.xml:12:9-13:61
25-->src\main\AndroidManifest.xml:13:13-49
26
27        <activity
27-->src\main\AndroidManifest.xml:14:9-20:20
28            android:name="com.example.a20210207_checkmate2.SettingsAboutActivity"
28-->src\main\AndroidManifest.xml:14:19-56
29            android:label="Settings About"
29-->src\main\AndroidManifest.xml:15:13-43
30            android:parentActivityName="com.example.a20210207_checkmate2.MainActivity" >
30-->src\main\AndroidManifest.xml:16:13-55
31            <meta-data
31-->src\main\AndroidManifest.xml:17:13-19:48
32                android:name="android.support.PARENT_ACTIVITY"
32-->src\main\AndroidManifest.xml:18:17-63
33                android:value=".MainActivity" />
33-->src\main\AndroidManifest.xml:19:17-46
34        </activity>
35        <activity
35-->src\main\AndroidManifest.xml:21:9-27:20
36            android:name="com.example.a20210207_checkmate2.SettingsActivity"
36-->src\main\AndroidManifest.xml:21:19-51
37            android:label="Settings"
37-->src\main\AndroidManifest.xml:22:13-37
38            android:parentActivityName="com.example.a20210207_checkmate2.MainActivity" >
38-->src\main\AndroidManifest.xml:23:13-55
39            <meta-data
39-->src\main\AndroidManifest.xml:17:13-19:48
40                android:name="android.support.PARENT_ACTIVITY"
40-->src\main\AndroidManifest.xml:18:17-63
41                android:value=".MainActivity" />
41-->src\main\AndroidManifest.xml:19:17-46
42        </activity>
43        <activity android:name="com.example.a20210207_checkmate2.MainActivity" >
43-->src\main\AndroidManifest.xml:28:9-33:20
43-->src\main\AndroidManifest.xml:28:19-47
44            <intent-filter>
44-->src\main\AndroidManifest.xml:29:13-32:29
45                <action android:name="android.intent.action.MAIN" />
45-->src\main\AndroidManifest.xml:30:17-69
45-->src\main\AndroidManifest.xml:30:25-66
46
47                <category android:name="android.intent.category.LAUNCHER" />
47-->src\main\AndroidManifest.xml:31:17-77
47-->src\main\AndroidManifest.xml:31:27-74
48            </intent-filter>
49        </activity>
50    </application>
51
52</manifest>